0 info it worked if it ends with ok
1 verbose cli [ '/usr/bin/node',
1 verbose cli   '/usr/bin/npm',
1 verbose cli   'uninstall',
1 verbose cli   'hexo-renderer-sass',
1 verbose cli   '--save' ]
2 info using npm@1.4.28
3 info using node@v0.10.37
4 verbose node symlink /usr/bin/node
5 verbose node_modules/hexo-renderer-sass unbuild
6 error Error: EACCES, unlink '/home/kevinwu/TempGit/MyBlogSourceCode/node_modules/hexo-renderer-sass/node_modules/.bin/node-sass'
6 error  { [Error: EACCES, unlink '/home/kevinwu/TempGit/MyBlogSourceCode/node_modules/hexo-renderer-sass/node_modules/.bin/node-sass']
6 error   errno: 3,
6 error   code: 'EACCES',
6 error   path: '/home/kevinwu/TempGit/MyBlogSourceCode/node_modules/hexo-renderer-sass/node_modules/.bin/node-sass' }
7 error Please try running this command again as root/Administrator.
8 error System Linux 3.16.0-30-generic
9 error command "/usr/bin/node" "/usr/bin/npm" "uninstall" "hexo-renderer-sass" "--save"
10 error cwd /home/kevinwu/TempGit/MyBlogSourceCode
11 error node -v v0.10.37
12 error npm -v 1.4.28
13 error path /home/kevinwu/TempGit/MyBlogSourceCode/node_modules/hexo-renderer-sass/node_modules/.bin/node-sass
14 error code EACCES
15 error errno 3
16 error stack Error: EACCES, unlink '/home/kevinwu/TempGit/MyBlogSourceCode/node_modules/hexo-renderer-sass/node_modules/.bin/node-sass'
17 verbose exit [ 3, true ]
